Copyright 1986-2018 Xilinx, Inc. All Rights Reserved.
------------------------------------------------------------------------------------
| Tool Version : Vivado v.2018.1 (lin64) Build 2188600 Wed Apr  4 18:39:19 MDT 2018
| Date         : Sat Mar  9 12:32:31 2019
| Host         : localhost.localdomain running 64-bit unknown
| Command      : upgrade_ip
| Device       : xc7z020clg400-1
------------------------------------------------------------------------------------

Upgrade Log for IP 'design_1_axi_tbmc_0_0'

1. Summary
----------

SUCCESS in the conversion of design_1_axi_tbmc_0_0 (user.org:user:axi_tbmc:1.0 (Rev. 2)) to Vivado generation flows.






Copyright 1986-2018 Xilinx, Inc. All Rights Reserved.
------------------------------------------------------------------------------------
| Tool Version : Vivado v.2018.1 (lin64) Build 2188600 Wed Apr  4 18:39:19 MDT 2018
| Date         : Sat Mar  9 12:01:56 2019
| Host         : localhost.localdomain running 64-bit unknown
| Command      : upgrade_ip
| Device       : xc7z020clg400-1
------------------------------------------------------------------------------------

Upgrade Log for IP 'design_1_axi_tbmc_0_0'

1. Summary
----------

SUCCESS in the conversion of design_1_axi_tbmc_0_0 (user.org:user:axi_tbmc:1.0 (Rev. 2)) to Vivado generation flows.






Copyright 1986-2018 Xilinx, Inc. All Rights Reserved.
------------------------------------------------------------------------------------
| Tool Version : Vivado v.2018.1 (lin64) Build 2188600 Wed Apr  4 18:39:19 MDT 2018
| Date         : Sat Mar  9 11:47:23 2019
| Host         : localhost.localdomain running 64-bit unknown
| Command      : upgrade_ip
| Device       : xc7z020clg400-1
------------------------------------------------------------------------------------

Upgrade Log for IP 'design_1_axi_tbmc_0_0'

1. Summary
----------

SUCCESS in the conversion of design_1_axi_tbmc_0_0 (user.org:user:axi_tbmc:1.0 (Rev. 2)) to Vivado generation flows.






Copyright 1986-2018 Xilinx, Inc. All Rights Reserved.
------------------------------------------------------------------------------------
| Tool Version : Vivado v.2018.1 (lin64) Build 2188600 Wed Apr  4 18:39:19 MDT 2018
| Date         : Sat Mar  9 11:38:33 2019
| Host         : localhost.localdomain running 64-bit unknown
| Command      : upgrade_ip
| Device       : xc7z020clg400-1
------------------------------------------------------------------------------------

Upgrade Log for IP 'design_1_axi_tbmc_0_0'

1. Summary
----------

SUCCESS in the conversion of design_1_axi_tbmc_0_0 (user.org:user:axi_tbmc:1.0 (Rev. 2)) to Vivado generation flows.






Copyright 1986-2018 Xilinx, Inc. All Rights Reserved.
------------------------------------------------------------------------------------
| Tool Version : Vivado v.2018.1 (lin64) Build 2188600 Wed Apr  4 18:39:19 MDT 2018
| Date         : Sat Mar  9 10:47:29 2019
| Host         : localhost.localdomain running 64-bit unknown
| Command      : upgrade_ip
| Device       : xc7z020clg400-1
------------------------------------------------------------------------------------

Upgrade Log for IP 'design_1_axi_tbmc_0_0'

1. Summary
----------

SUCCESS in the conversion of design_1_axi_tbmc_0_0 (user.org:user:axi_tbmc:1.0 (Rev. 2)) to Vivado generation flows.






Copyright 1986-2018 Xilinx, Inc. All Rights Reserved.
------------------------------------------------------------------------------------
| Tool Version : Vivado v.2018.1 (lin64) Build 2188600 Wed Apr  4 18:39:19 MDT 2018
| Date         : Sat Mar  9 10:36:07 2019
| Host         : localhost.localdomain running 64-bit unknown
| Command      : upgrade_ip
| Device       : xc7z020clg400-1
------------------------------------------------------------------------------------

Upgrade Log for IP 'design_1_axi_tbmc_0_0'

1. Summary
----------

SUCCESS in the conversion of design_1_axi_tbmc_0_0 (user.org:user:axi_tbmc:1.0 (Rev. 2)) to Vivado generation flows.






Copyright 1986-2018 Xilinx, Inc. All Rights Reserved.
------------------------------------------------------------------------------------
| Tool Version : Vivado v.2018.1 (lin64) Build 2188600 Wed Apr  4 18:39:19 MDT 2018
| Date         : Sat Mar  9 10:26:25 2019
| Host         : localhost.localdomain running 64-bit unknown
| Command      : upgrade_ip
| Device       : xc7z020clg400-1
------------------------------------------------------------------------------------

Upgrade Log for IP 'design_1_axi_tbmc_0_0'

1. Summary
----------

SUCCESS in the conversion of design_1_axi_tbmc_0_0 (user.org:user:axi_tbmc:1.0 (Rev. 2)) to Vivado generation flows.






Copyright 1986-2018 Xilinx, Inc. All Rights Reserved.
------------------------------------------------------------------------------------
| Tool Version : Vivado v.2018.1 (lin64) Build 2188600 Wed Apr  4 18:39:19 MDT 2018
| Date         : Sat Mar  9 10:23:01 2019
| Host         : localhost.localdomain running 64-bit unknown
| Command      : upgrade_ip
| Device       : xc7z020clg400-1
------------------------------------------------------------------------------------

Upgrade Log for IP 'design_1_axi_tbmc_0_0'

1. Summary
----------

SUCCESS in the conversion of design_1_axi_tbmc_0_0 (user.org:user:axi_tbmc:1.0 (Rev. 2)) to Vivado generation flows.






Copyright 1986-2018 Xilinx, Inc. All Rights Reserved.
------------------------------------------------------------------------------------
| Tool Version : Vivado v.2018.1 (lin64) Build 2188600 Wed Apr  4 18:39:19 MDT 2018
| Date         : Sat Mar  9 01:24:12 2019
| Host         : localhost.localdomain running 64-bit unknown
| Command      : upgrade_ip
| Device       : xc7z020clg400-1
------------------------------------------------------------------------------------

Upgrade Log for IP 'design_1_axi_tbmc_0_0'

1. Summary
----------

SUCCESS in the conversion of design_1_axi_tbmc_0_0 (user.org:user:axi_tbmc:1.0 (Rev. 2)) to Vivado generation flows.






Copyright 1986-2018 Xilinx, Inc. All Rights Reserved.
------------------------------------------------------------------------------------
| Tool Version : Vivado v.2018.1 (lin64) Build 2188600 Wed Apr  4 18:39:19 MDT 2018
| Date         : Sat Mar  9 01:19:50 2019
| Host         : localhost.localdomain running 64-bit unknown
| Command      : upgrade_ip
| Device       : xc7z020clg400-1
------------------------------------------------------------------------------------

Upgrade Log for IP 'design_1_axi_tbmc_0_0'

1. Summary
----------

SUCCESS in the conversion of design_1_axi_tbmc_0_0 (user.org:user:axi_tbmc:1.0 (Rev. 2)) to Vivado generation flows.






Copyright 1986-2018 Xilinx, Inc. All Rights Reserved.
------------------------------------------------------------------------------------
| Tool Version : Vivado v.2018.1 (lin64) Build 2188600 Wed Apr  4 18:39:19 MDT 2018
| Date         : Sat Mar  9 01:11:32 2019
| Host         : localhost.localdomain running 64-bit unknown
| Command      : upgrade_ip
| Device       : xc7z020clg400-1
------------------------------------------------------------------------------------

Upgrade Log for IP 'design_1_axi_tbmc_0_0'

1. Summary
----------

SUCCESS in the conversion of design_1_axi_tbmc_0_0 (user.org:user:axi_tbmc:1.0 (Rev. 2)) to Vivado generation flows.






Copyright 1986-2018 Xilinx, Inc. All Rights Reserved.
------------------------------------------------------------------------------------
| Tool Version : Vivado v.2018.1 (lin64) Build 2188600 Wed Apr  4 18:39:19 MDT 2018
| Date         : Sat Mar  9 01:00:57 2019
| Host         : localhost.localdomain running 64-bit unknown
| Command      : upgrade_ip
| Device       : xc7z020clg400-1
------------------------------------------------------------------------------------

Upgrade Log for IP 'design_1_axi_tbmc_0_0'

1. Summary
----------

SUCCESS in the conversion of design_1_axi_tbmc_0_0 (user.org:user:axi_tbmc:1.0 (Rev. 2)) to Vivado generation flows.






Copyright 1986-2018 Xilinx, Inc. All Rights Reserved.
------------------------------------------------------------------------------------
| Tool Version : Vivado v.2018.1 (lin64) Build 2188600 Wed Apr  4 18:39:19 MDT 2018
| Date         : Fri Mar  8 22:51:34 2019
| Host         : localhost.localdomain running 64-bit unknown
| Command      : upgrade_ip
| Device       : xc7z020clg400-1
------------------------------------------------------------------------------------

Upgrade Log for IP 'design_1_axi_tbmc_0_0'

1. Summary
----------

SUCCESS in the conversion of design_1_axi_tbmc_0_0 (user.org:user:axi_tbmc:1.0 (Rev. 2)) to Vivado generation flows.






Copyright 1986-2018 Xilinx, Inc. All Rights Reserved.
------------------------------------------------------------------------------------
| Tool Version : Vivado v.2018.1 (lin64) Build 2188600 Wed Apr  4 18:39:19 MDT 2018
| Date         : Fri Mar  8 22:41:52 2019
| Host         : localhost.localdomain running 64-bit unknown
| Command      : upgrade_ip
| Device       : xc7z020clg400-1
------------------------------------------------------------------------------------

Upgrade Log for IP 'design_1_axi_tbmc_0_0'

1. Summary
----------

SUCCESS in the conversion of design_1_axi_tbmc_0_0 (user.org:user:axi_tbmc:1.0 (Rev. 2)) to Vivado generation flows.






Copyright 1986-2018 Xilinx, Inc. All Rights Reserved.
------------------------------------------------------------------------------------
| Tool Version : Vivado v.2018.1 (lin64) Build 2188600 Wed Apr  4 18:39:19 MDT 2018
| Date         : Fri Mar  8 22:38:24 2019
| Host         : localhost.localdomain running 64-bit unknown
| Command      : upgrade_ip
| Device       : xc7z020clg400-1
------------------------------------------------------------------------------------

Upgrade Log for IP 'design_1_axi_tbmc_0_0'

1. Summary
----------

SUCCESS in the conversion of design_1_axi_tbmc_0_0 (user.org:user:axi_tbmc:1.0 (Rev. 2)) to Vivado generation flows.






Copyright 1986-2018 Xilinx, Inc. All Rights Reserved.
------------------------------------------------------------------------------------
| Tool Version : Vivado v.2018.1 (lin64) Build 2188600 Wed Apr  4 18:39:19 MDT 2018
| Date         : Fri Mar  8 22:32:12 2019
| Host         : localhost.localdomain running 64-bit unknown
| Command      : upgrade_ip
| Device       : xc7z020clg400-1
------------------------------------------------------------------------------------

Upgrade Log for IP 'design_1_axi_tbmc_0_0'

1. Summary
----------

SUCCESS in the conversion of design_1_axi_tbmc_0_0 (user.org:user:axi_tbmc:1.0 (Rev. 2)) to Vivado generation flows.






Copyright 1986-2018 Xilinx, Inc. All Rights Reserved.
------------------------------------------------------------------------------------
| Tool Version : Vivado v.2018.1 (lin64) Build 2188600 Wed Apr  4 18:39:19 MDT 2018
| Date         : Fri Mar  8 22:15:15 2019
| Host         : localhost.localdomain running 64-bit unknown
| Command      : upgrade_ip
| Device       : xc7z020clg400-1
------------------------------------------------------------------------------------

Upgrade Log for IP 'design_1_axi_tbmc_0_0'

1. Summary
----------

SUCCESS in the conversion of design_1_axi_tbmc_0_0 (user.org:user:axi_tbmc:1.0 (Rev. 2)) to Vivado generation flows.






Copyright 1986-2018 Xilinx, Inc. All Rights Reserved.
------------------------------------------------------------------------------------
| Tool Version : Vivado v.2018.1 (lin64) Build 2188600 Wed Apr  4 18:39:19 MDT 2018
| Date         : Fri Mar  1 17:18:30 2019
| Host         : localhost.localdomain running 64-bit unknown
| Command      : upgrade_ip
| Device       : xc7z020clg400-1
------------------------------------------------------------------------------------

Upgrade Log for IP 'design_1_axi_tbmc_0_0'

1. Summary
----------

SUCCESS in the conversion of design_1_axi_tbmc_0_0 (user.org:user:axi_tbmc:1.0 (Rev. 2)) to Vivado generation flows.

